<?xml version="1.0" encoding="UTF-8"?>
<!-- Generated by org.testng.reporters.JUnitXMLReporter -->
<testsuite ignored="0" hostname="KLI2971" failures="1" tests="1" name="Test" time="3.887" errors="0" timestamp="2023-11-03T12:02:23 IST">
  <testcase classname="jenkinstest.Jentest" name="tt" time="3.856">
    <failure type="java.lang.AssertionError" message="expected:&amp;lt;Login Verkäufer&amp;gt; but was:&amp;lt;dsc&amp;gt;">
      <![CDATA[java.lang.AssertionError: expected:<Login Verkäufer> but was:<dsc>
at jenkinstest.Jentest.tt(Jentest.java:17)
at java.base/java.util.ArrayList.forEach(ArrayList.java:1541)
... Removed 29 stack frames]]>
    </failure>
  </testcase> <!-- tt -->
</testsuite> <!-- Test -->
