<?xml version="1.0" encoding="UTF-8"?>
<testng-results ignored="0" total="0" passed="0" failed="0" skipped="0">
  <reporter-output>
  </reporter-output>
  <suite started-at="2023-11-07T08:38:14 IST" name="Suite" finished-at="2023-11-07T08:38:14 IST" duration-ms="19">
    <groups>
    </groups>
    <test started-at="2023-11-07T08:38:14 IST" name="Test" finished-at="2023-11-07T08:38:14 IST" duration-ms="19">
      <class name="jenkinstest.Jentest">
        <test-method is-config="true" signature="tt()[pri:0, instance:jenkinstest.Jentest@45b9a632]" started-at="2023-11-07T08:38:14 IST" name="tt" finished-at="2023-11-07T08:38:14 IST" duration-ms="9" status="PASS">
          <reporter-output>
          </reporter-output>
        </test-method> <!-- tt -->
      </class> <!-- jenkinstest.Jentest -->
    </test> <!-- Test -->
  </suite> <!-- Suite -->
</testng-results>
