<?xml version="1.0" encoding="UTF-8"?>
<testng-results ignored="0" total="0" passed="0" failed="0" skipped="0">
  <reporter-output>
  </reporter-output>
  <suite started-at="2023-11-04T08:44:10 IST" name="Default suite" finished-at="2023-11-04T08:44:10 IST" duration-ms="8">
    <groups>
    </groups>
    <test started-at="2023-11-04T08:44:10 IST" name="Default test" finished-at="2023-11-04T08:44:10 IST" duration-ms="8">
      <class name="jenkinstest.Jentest">
        <test-method is-config="true" signature="tt()[pri:0, instance:jenkinstest.Jentest@419c5f1a]" started-at="2023-11-04T08:44:10 IST" name="tt" finished-at="2023-11-04T08:44:10 IST" duration-ms="4" status="PASS">
          <reporter-output>
          </reporter-output>
        </test-method> <!-- tt -->
      </class> <!-- jenkinstest.Jentest -->
    </test> <!-- Default test -->
  </suite> <!-- Default suite -->
</testng-results>
